2025-09-23T19:45:58.035-03:00  INFO 56024 --- [MottuGrid_Java] [main] b.c.m.MottuGridJavaApplicationTests      : Starting MottuGridJavaApplicationTests using Java 17.0.10 with PID 56024 (started by Vinicius in C:\Users\Vinicius\Documents\ESTUDO\FIAP2Ano\Sprint3\java)
2025-09-23T19:45:58.046-03:00  INFO 56024 --- [MottuGrid_Java] [main] b.c.m.MottuGridJavaApplicationTests      : No active profile set, falling back to 1 default profile: "default"
2025-09-23T19:46:00.006-03:00  INFO 56024 --- [MottuGrid_Java] [main] .s.d.r.c.RepositoryConfigurationDelegate : Bootstrapping Spring Data JPA repositories in DEFAULT mode.
2025-09-23T19:46:00.163-03:00  INFO 56024 --- [MottuGrid_Java] [main] .s.d.r.c.RepositoryConfigurationDelegate : Finished Spring Data repository scanning in 123 ms. Found 3 JPA repository interfaces.
2025-09-23T19:46:01.695-03:00  INFO 56024 --- [MottuGrid_Java] [main] com.zaxxer.hikari.HikariDataSource       : SpringBootHikariCP - Starting...
2025-09-23T19:46:02.857-03:00  INFO 56024 --- [MottuGrid_Java] [main] com.zaxxer.hikari.pool.HikariPool        : SpringBootHikariCP - Added connection oracle.jdbc.driver.T4CConnection@46bb0bdf
2025-09-23T19:46:02.861-03:00  INFO 56024 --- [MottuGrid_Java] [main] com.zaxxer.hikari.HikariDataSource       : SpringBootHikariCP - Start completed.
2025-09-23T19:46:02.917-03:00  WARN 56024 --- [MottuGrid_Java] [main] o.s.w.c.s.GenericWebApplicationContext   : Exception encountered during context initialization - cancelling refresh attempt: org.springframework.beans.factory.BeanCreationException: Error creating bean with name 'flyway' defined in class path resource [org/springframework/boot/autoconfigure/flyway/FlywayAutoConfiguration$FlywayConfiguration.class]: Failed to instantiate [org.flywaydb.core.Flyway]: Factory method 'flyway' threw exception with message: Unsupported Database: Oracle 19.0
2025-09-23T19:46:02.918-03:00  INFO 56024 --- [MottuGrid_Java] [main] com.zaxxer.hikari.HikariDataSource       : SpringBootHikariCP - Shutdown initiated...
2025-09-23T19:46:02.935-03:00  INFO 56024 --- [MottuGrid_Java] [main] com.zaxxer.hikari.HikariDataSource       : SpringBootHikariCP - Shutdown completed.
2025-09-23T19:46:02.949-03:00  INFO 56024 --- [MottuGrid_Java] [main] .s.b.a.l.ConditionEvaluationReportLogger : 

Error starting ApplicationContext. To display the condition evaluation report re-run your application with 'debug' enabled.
2025-09-23T19:46:02.989-03:00 ERROR 56024 --- [MottuGrid_Java] [main] o.s.boot.SpringApplication               : Application run failed

org.springframework.beans.factory.BeanCreationException: Error creating bean with name 'flyway' defined in class path resource [org/springframework/boot/autoconfigure/flyway/FlywayAutoConfiguration$FlywayConfiguration.class]: Failed to instantiate [org.flywaydb.core.Flyway]: Factory method 'flyway' threw exception with message: Unsupported Database: Oracle 19.0
	at org.springframework.beans.factory.support.ConstructorResolver.instantiate(ConstructorResolver.java:648) ~[spring-beans-6.1.6.jar:6.1.6]
	at org.springframework.beans.factory.support.ConstructorResolver.instantiateUsingFactoryMethod(ConstructorResolver.java:636) ~[spring-beans-6.1.6.jar:6.1.6]
	at org.springframework.beans.factory.support.AbstractAutowireCapableBeanFactory.instantiateUsingFactoryMethod(AbstractAutowireCapableBeanFactory.java:1335) ~[spring-beans-6.1.6.jar:6.1.6]
	at org.springframework.beans.factory.support.AbstractAutowireCapableBeanFactory.createBeanInstance(AbstractAutowireCapableBeanFactory.java:1165) ~[spring-beans-6.1.6.jar:6.1.6]
	at org.springframework.beans.factory.support.AbstractAutowireCapableBeanFactory.doCreateBean(AbstractAutowireCapableBeanFactory.java:562) ~[spring-beans-6.1.6.jar:6.1.6]
	at org.springframework.beans.factory.support.AbstractAutowireCapableBeanFactory.createBean(AbstractAutowireCapableBeanFactory.java:522) ~[spring-beans-6.1.6.jar:6.1.6]
	at org.springframework.beans.factory.support.AbstractBeanFactory.lambda$doGetBean$0(AbstractBeanFactory.java:326) ~[spring-beans-6.1.6.jar:6.1.6]
	at org.springframework.beans.factory.support.DefaultSingletonBeanRegistry.getSingleton(DefaultSingletonBeanRegistry.java:234) ~[spring-beans-6.1.6.jar:6.1.6]
	at org.springframework.beans.factory.support.AbstractBeanFactory.doGetBean(AbstractBeanFactory.java:324) ~[spring-beans-6.1.6.jar:6.1.6]
	at org.springframework.beans.factory.support.AbstractBeanFactory.getBean(AbstractBeanFactory.java:200) ~[spring-beans-6.1.6.jar:6.1.6]
	at org.springframework.beans.factory.support.AbstractBeanFactory.doGetBean(AbstractBeanFactory.java:313) ~[spring-beans-6.1.6.jar:6.1.6]
	at org.springframework.beans.factory.support.AbstractBeanFactory.getBean(AbstractBeanFactory.java:200) ~[spring-beans-6.1.6.jar:6.1.6]
	at org.springframework.context.support.AbstractApplicationContext.getBean(AbstractApplicationContext.java:1234) ~[spring-context-6.1.6.jar:6.1.6]
	at org.springframework.context.support.AbstractApplicationContext.finishBeanFactoryInitialization(AbstractApplicationContext.java:952) ~[spring-context-6.1.6.jar:6.1.6]
	at org.springframework.context.support.AbstractApplicationContext.refresh(AbstractApplicationContext.java:624) ~[spring-context-6.1.6.jar:6.1.6]
	at org.springframework.boot.SpringApplication.refresh(SpringApplication.java:754) ~[spring-boot-3.2.5.jar:3.2.5]
	at org.springframework.boot.SpringApplication.refreshContext(SpringApplication.java:456) ~[spring-boot-3.2.5.jar:3.2.5]
	at org.springframework.boot.SpringApplication.run(SpringApplication.java:334) ~[spring-boot-3.2.5.jar:3.2.5]
	at org.springframework.boot.test.context.SpringBootContextLoader.lambda$loadContext$3(SpringBootContextLoader.java:137) ~[spring-boot-test-3.2.5.jar:3.2.5]
	at org.springframework.util.function.ThrowingSupplier.get(ThrowingSupplier.java:58) ~[spring-core-6.1.6.jar:6.1.6]
	at org.springframework.util.function.ThrowingSupplier.get(ThrowingSupplier.java:46) ~[spring-core-6.1.6.jar:6.1.6]
	at org.springframework.boot.SpringApplication.withHook(SpringApplication.java:1454) ~[spring-boot-3.2.5.jar:3.2.5]
	at org.springframework.boot.test.context.SpringBootContextLoader$ContextLoaderHook.run(SpringBootContextLoader.java:553) ~[spring-boot-test-3.2.5.jar:3.2.5]
	at org.springframework.boot.test.context.SpringBootContextLoader.loadContext(SpringBootContextLoader.java:137) ~[spring-boot-test-3.2.5.jar:3.2.5]
	at org.springframework.boot.test.context.SpringBootContextLoader.loadContext(SpringBootContextLoader.java:108) ~[spring-boot-test-3.2.5.jar:3.2.5]
	at org.springframework.test.context.cache.DefaultCacheAwareContextLoaderDelegate.loadContextInternal(DefaultCacheAwareContextLoaderDelegate.java:225) ~[spring-test-6.1.6.jar:6.1.6]
	at org.springframework.test.context.cache.DefaultCacheAwareContextLoaderDelegate.loadContext(DefaultCacheAwareContextLoaderDelegate.java:152) ~[spring-test-6.1.6.jar:6.1.6]
	at org.springframework.test.context.support.DefaultTestContext.getApplicationContext(DefaultTestContext.java:130) ~[spring-test-6.1.6.jar:6.1.6]
	at org.springframework.test.context.web.ServletTestExecutionListener.setUpRequestContextIfNecessary(ServletTestExecutionListener.java:191) ~[spring-test-6.1.6.jar:6.1.6]
	at org.springframework.test.context.web.ServletTestExecutionListener.prepareTestInstance(ServletTestExecutionListener.java:130) ~[spring-test-6.1.6.jar:6.1.6]
	at org.springframework.test.context.TestContextManager.prepareTestInstance(TestContextManager.java:260) ~[spring-test-6.1.6.jar:6.1.6]
	at org.springframework.test.context.junit.jupiter.SpringExtension.postProcessTestInstance(SpringExtension.java:163) ~[spring-test-6.1.6.jar:6.1.6]
	at org.junit.jupiter.engine.descriptor.ClassBasedTestDescriptor.lambda$invokeTestInstancePostProcessors$10(ClassBasedTestDescriptor.java:378) ~[junit-jupiter-engine-5.10.2.jar:5.10.2]
	at org.junit.jupiter.engine.descriptor.ClassBasedTestDescriptor.executeAndMaskThrowable(ClassBasedTestDescriptor.java:383) ~[junit-jupiter-engine-5.10.2.jar:5.10.2]
	at org.junit.jupiter.engine.descriptor.ClassBasedTestDescriptor.lambda$invokeTestInstancePostProcessors$11(ClassBasedTestDescriptor.java:378) ~[junit-jupiter-engine-5.10.2.jar:5.10.2]
	at java.base/java.util.stream.ReferencePipeline$3$1.accept(ReferencePipeline.java:197) ~[na:na]
	at java.base/java.util.stream.ReferencePipeline$2$1.accept(ReferencePipeline.java:179) ~[na:na]
	at java.base/java.util.ArrayList$ArrayListSpliterator.forEachRemaining(ArrayList.java:1625) ~[na:na]
	at java.base/java.util.stream.AbstractPipeline.copyInto(AbstractPipeline.java:509) ~[na:na]
	at java.base/java.util.stream.AbstractPipeline.wrapAndCopyInto(AbstractPipeline.java:499) ~[na:na]
	at java.base/java.util.stream.StreamSpliterators$WrappingSpliterator.forEachRemaining(StreamSpliterators.java:310) ~[na:na]
	at java.base/java.util.stream.Streams$ConcatSpliterator.forEachRemaining(Streams.java:735) ~[na:na]
	at java.base/java.util.stream.Streams$ConcatSpliterator.forEachRemaining(Streams.java:734) ~[na:na]
	at java.base/java.util.stream.ReferencePipeline$Head.forEach(ReferencePipeline.java:762) ~[na:na]
	at org.junit.jupiter.engine.descriptor.ClassBasedTestDescriptor.invokeTestInstancePostProcessors(ClassBasedTestDescriptor.java:377) ~[junit-jupiter-engine-5.10.2.jar:5.10.2]
	at org.junit.jupiter.engine.descriptor.ClassBasedTestDescriptor.lambda$instantiateAndPostProcessTestInstance$6(ClassBasedTestDescriptor.java:290) ~[junit-jupiter-engine-5.10.2.jar:5.10.2]
	at org.junit.platform.engine.support.hierarchical.ThrowableCollector.execute(ThrowableCollector.java:73) ~[junit-platform-engine-1.10.2.jar:1.10.2]
	at org.junit.jupiter.engine.descriptor.ClassBasedTestDescriptor.instantiateAndPostProcessTestInstance(ClassBasedTestDescriptor.java:289) ~[junit-jupiter-engine-5.10.2.jar:5.10.2]
	at org.junit.jupiter.engine.descriptor.ClassBasedTestDescriptor.lambda$testInstancesProvider$4(ClassBasedTestDescriptor.java:279) ~[junit-jupiter-engine-5.10.2.jar:5.10.2]
	at java.base/java.util.Optional.orElseGet(Optional.java:364) ~[na:na]
	at org.junit.jupiter.engine.descriptor.ClassBasedTestDescriptor.lambda$testInstancesProvider$5(ClassBasedTestDescriptor.java:278) ~[junit-jupiter-engine-5.10.2.jar:5.10.2]
	at org.junit.jupiter.engine.execution.TestInstancesProvider.getTestInstances(TestInstancesProvider.java:31) ~[junit-jupiter-engine-5.10.2.jar:5.10.2]
	at org.junit.jupiter.engine.descriptor.TestMethodTestDescriptor.lambda$prepare$0(TestMethodTestDescriptor.java:106) ~[junit-jupiter-engine-5.10.2.jar:5.10.2]
	at org.junit.platform.engine.support.hierarchical.ThrowableCollector.execute(ThrowableCollector.java:73) ~[junit-platform-engine-1.10.2.jar:1.10.2]
	at org.junit.jupiter.engine.descriptor.TestMethodTestDescriptor.prepare(TestMethodTestDescriptor.java:105) ~[junit-jupiter-engine-5.10.2.jar:5.10.2]
	at org.junit.jupiter.engine.descriptor.TestMethodTestDescriptor.prepare(TestMethodTestDescriptor.java:69) ~[junit-jupiter-engine-5.10.2.jar:5.10.2]
	at org.junit.platform.engine.support.hierarchical.NodeTestTask.lambda$prepare$2(NodeTestTask.java:123) ~[junit-platform-engine-1.10.2.jar:1.10.2]
	at org.junit.platform.engine.support.hierarchical.ThrowableCollector.execute(ThrowableCollector.java:73) ~[junit-platform-engine-1.10.2.jar:1.10.2]
	at org.junit.platform.engine.support.hierarchical.NodeTestTask.prepare(NodeTestTask.java:123) ~[junit-platform-engine-1.10.2.jar:1.10.2]
	at org.junit.platform.engine.support.hierarchical.NodeTestTask.execute(NodeTestTask.java:90) ~[junit-platform-engine-1.10.2.jar:1.10.2]
	at java.base/java.util.ArrayList.forEach(ArrayList.java:1511) ~[na:na]
	at org.junit.platform.engine.support.hierarchical.SameThreadHierarchicalTestExecutorService.invokeAll(SameThreadHierarchicalTestExecutorService.java:41) ~[junit-platform-engine-1.10.2.jar:1.10.2]
	at org.junit.platform.engine.support.hierarchical.NodeTestTask.lambda$executeRecursively$6(NodeTestTask.java:155) ~[junit-platform-engine-1.10.2.jar:1.10.2]
	at org.junit.platform.engine.support.hierarchical.ThrowableCollector.execute(ThrowableCollector.java:73) ~[junit-platform-engine-1.10.2.jar:1.10.2]
	at org.junit.platform.engine.support.hierarchical.NodeTestTask.lambda$executeRecursively$8(NodeTestTask.java:141) ~[junit-platform-engine-1.10.2.jar:1.10.2]
	at org.junit.platform.engine.support.hierarchical.Node.around(Node.java:137) ~[junit-platform-engine-1.10.2.jar:1.10.2]
	at org.junit.platform.engine.support.hierarchical.NodeTestTask.lambda$executeRecursively$9(NodeTestTask.java:139) ~[junit-platform-engine-1.10.2.jar:1.10.2]
	at org.junit.platform.engine.support.hierarchical.ThrowableCollector.execute(ThrowableCollector.java:73) ~[junit-platform-engine-1.10.2.jar:1.10.2]
	at org.junit.platform.engine.support.hierarchical.NodeTestTask.executeRecursively(NodeTestTask.java:138) ~[junit-platform-engine-1.10.2.jar:1.10.2]
	at org.junit.platform.engine.support.hierarchical.NodeTestTask.execute(NodeTestTask.java:95) ~[junit-platform-engine-1.10.2.jar:1.10.2]
	at java.base/java.util.ArrayList.forEach(ArrayList.java:1511) ~[na:na]
	at org.junit.platform.engine.support.hierarchical.SameThreadHierarchicalTestExecutorService.invokeAll(SameThreadHierarchicalTestExecutorService.java:41) ~[junit-platform-engine-1.10.2.jar:1.10.2]
	at org.junit.platform.engine.support.hierarchical.NodeTestTask.lambda$executeRecursively$6(NodeTestTask.java:155) ~[junit-platform-engine-1.10.2.jar:1.10.2]
	at org.junit.platform.engine.support.hierarchical.ThrowableCollector.execute(ThrowableCollector.java:73) ~[junit-platform-engine-1.10.2.jar:1.10.2]
	at org.junit.platform.engine.support.hierarchical.NodeTestTask.lambda$executeRecursively$8(NodeTestTask.java:141) ~[junit-platform-engine-1.10.2.jar:1.10.2]
	at org.junit.platform.engine.support.hierarchical.Node.around(Node.java:137) ~[junit-platform-engine-1.10.2.jar:1.10.2]
	at org.junit.platform.engine.support.hierarchical.NodeTestTask.lambda$executeRecursively$9(NodeTestTask.java:139) ~[junit-platform-engine-1.10.2.jar:1.10.2]
	at org.junit.platform.engine.support.hierarchical.ThrowableCollector.execute(ThrowableCollector.java:73) ~[junit-platform-engine-1.10.2.jar:1.10.2]
	at org.junit.platform.engine.support.hierarchical.NodeTestTask.executeRecursively(NodeTestTask.java:138) ~[junit-platform-engine-1.10.2.jar:1.10.2]
	at org.junit.platform.engine.support.hierarchical.NodeTestTask.execute(NodeTestTask.java:95) ~[junit-platform-engine-1.10.2.jar:1.10.2]
	at org.junit.platform.engine.support.hierarchical.SameThreadHierarchicalTestExecutorService.submit(SameThreadHierarchicalTestExecutorService.java:35) ~[junit-platform-engine-1.10.2.jar:1.10.2]
	at org.junit.platform.engine.support.hierarchical.HierarchicalTestExecutor.execute(HierarchicalTestExecutor.java:57) ~[junit-platform-engine-1.10.2.jar:1.10.2]
	at org.junit.platform.engine.support.hierarchical.HierarchicalTestEngine.execute(HierarchicalTestEngine.java:54) ~[junit-platform-engine-1.10.2.jar:1.10.2]
	at org.junit.platform.launcher.core.EngineExecutionOrchestrator.execute(EngineExecutionOrchestrator.java:198) ~[junit-platform-launcher-1.10.2.jar:1.10.2]
	at org.junit.platform.launcher.core.EngineExecutionOrchestrator.execute(EngineExecutionOrchestrator.java:169) ~[junit-platform-launcher-1.10.2.jar:1.10.2]
	at org.junit.platform.launcher.core.EngineExecutionOrchestrator.execute(EngineExecutionOrchestrator.java:93) ~[junit-platform-launcher-1.10.2.jar:1.10.2]
	at org.junit.platform.launcher.core.EngineExecutionOrchestrator.lambda$execute$0(EngineExecutionOrchestrator.java:58) ~[junit-platform-launcher-1.10.2.jar:1.10.2]
	at org.junit.platform.launcher.core.EngineExecutionOrchestrator.withInterceptedStreams(EngineExecutionOrchestrator.java:141) ~[junit-platform-launcher-1.10.2.jar:1.10.2]
	at org.junit.platform.launcher.core.EngineExecutionOrchestrator.execute(EngineExecutionOrchestrator.java:57) ~[junit-platform-launcher-1.10.2.jar:1.10.2]
	at org.junit.platform.launcher.core.DefaultLauncher.execute(DefaultLauncher.java:103) ~[junit-platform-launcher-1.10.2.jar:1.10.2]
	at org.junit.platform.launcher.core.DefaultLauncher.execute(DefaultLauncher.java:85) ~[junit-platform-launcher-1.10.2.jar:1.10.2]
	at org.junit.platform.launcher.core.DelegatingLauncher.execute(DelegatingLauncher.java:47) ~[junit-platform-launcher-1.10.2.jar:1.10.2]
	at org.apache.maven.surefire.junitplatform.LazyLauncher.execute(LazyLauncher.java:56) ~[surefire-junit-platform-3.1.2.jar:3.1.2]
	at org.apache.maven.surefire.junitplatform.JUnitPlatformProvider.execute(JUnitPlatformProvider.java:184) ~[surefire-junit-platform-3.1.2.jar:3.1.2]
	at org.apache.maven.surefire.junitplatform.JUnitPlatformProvider.invokeAllTests(JUnitPlatformProvider.java:148) ~[surefire-junit-platform-3.1.2.jar:3.1.2]
	at org.apache.maven.surefire.junitplatform.JUnitPlatformProvider.invoke(JUnitPlatformProvider.java:122) ~[surefire-junit-platform-3.1.2.jar:3.1.2]
	at org.apache.maven.surefire.booter.ForkedBooter.runSuitesInProcess(ForkedBooter.java:385) ~[surefire-booter-3.1.2.jar:3.1.2]
	at org.apache.maven.surefire.booter.ForkedBooter.execute(ForkedBooter.java:162) ~[surefire-booter-3.1.2.jar:3.1.2]
	at org.apache.maven.surefire.booter.ForkedBooter.run(ForkedBooter.java:507) ~[surefire-booter-3.1.2.jar:3.1.2]
	at org.apache.maven.surefire.booter.ForkedBooter.main(ForkedBooter.java:495) ~[surefire-booter-3.1.2.jar:3.1.2]
Caused by: org.springframework.beans.BeanInstantiationException: Failed to instantiate [org.flywaydb.core.Flyway]: Factory method 'flyway' threw exception with message: Unsupported Database: Oracle 19.0
	at org.springframework.beans.factory.support.SimpleInstantiationStrategy.instantiate(SimpleInstantiationStrategy.java:177) ~[spring-beans-6.1.6.jar:6.1.6]
	at org.springframework.beans.factory.support.ConstructorResolver.instantiate(ConstructorResolver.java:644) ~[spring-beans-6.1.6.jar:6.1.6]
	... 99 common frames omitted
Caused by: org.flywaydb.core.api.FlywayException: Unsupported Database: Oracle 19.0
	at org.flywaydb.core.internal.database.DatabaseTypeRegister.getDatabaseTypeForConnection(DatabaseTypeRegister.java:105) ~[flyway-core-9.22.3.jar:na]
	at org.flywaydb.core.api.configuration.ClassicConfiguration.setDataSource(ClassicConfiguration.java:1095) ~[flyway-core-9.22.3.jar:na]
	at org.flywaydb.core.api.configuration.FluentConfiguration.dataSource(FluentConfiguration.java:624) ~[flyway-core-9.22.3.jar:na]
	at org.springframework.boot.autoconfigure.flyway.FlywayAutoConfiguration$FlywayConfiguration.configureDataSource(FlywayAutoConfiguration.java:185) ~[spring-boot-autoconfigure-3.2.5.jar:3.2.5]
	at org.springframework.boot.autoconfigure.flyway.FlywayAutoConfiguration$FlywayConfiguration.flyway(FlywayAutoConfiguration.java:172) ~[spring-boot-autoconfigure-3.2.5.jar:3.2.5]
	at java.base/jdk.internal.reflect.NativeMethodAccessorImpl.invoke0(Native Method) ~[na:na]
	at java.base/jdk.internal.reflect.NativeMethodAccessorImpl.invoke(NativeMethodAccessorImpl.java:77) ~[na:na]
	at java.base/jdk.internal.reflect.DelegatingMethodAccessorImpl.invoke(DelegatingMethodAccessorImpl.java:43) ~[na:na]
	at java.base/java.lang.reflect.Method.invoke(Method.java:568) ~[na:na]
	at org.springframework.beans.factory.support.SimpleInstantiationStrategy.instantiate(SimpleInstantiationStrategy.java:140) ~[spring-beans-6.1.6.jar:6.1.6]
	... 100 common frames omitted

2025-09-23T19:46:03.015-03:00  WARN 56024 --- [MottuGrid_Java] [main] o.s.test.context.TestContextManager      : Caught exception while allowing TestExecutionListener [org.springframework.test.context.web.ServletTestExecutionListener] to prepare test instance [br.com.mottugrid_java.MottuGridJavaApplicationTests@54a056e4]

java.lang.IllegalStateException: Failed to load ApplicationContext for [WebMergedContextConfiguration@53bb71e5 testClass = br.com.mottugrid_java.MottuGridJavaApplicationTests, locations = [], classes = [br.com.mottugrid_java.MottugridJavaApplication], contextInitializerClasses = [], activeProfiles = [], propertySourceDescriptors = [], propertySourceProperties = ["org.springframework.boot.test.context.SpringBootTestContextBootstrapper=true"], contextCustomizers = [org.springframework.boot.test.context.filter.ExcludeFilterContextCustomizer@126253fd, org.springframework.boot.test.json.DuplicateJsonObjectContextCustomizerFactory$DuplicateJsonObjectContextCustomizer@5276d6ee, org.springframework.boot.test.mock.mockito.MockitoContextCustomizer@0, org.springframework.boot.test.web.client.TestRestTemplateContextCustomizer@14bdbc74, org.springframework.boot.test.autoconfigure.actuate.observability.ObservabilityContextCustomizerFactory$DisableObservabilityContextCustomizer@1f, org.springframework.boot.test.autoconfigure.properties.PropertyMappingContextCustomizer@0, org.springframework.boot.test.autoconfigure.web.servlet.WebDriverContextCustomizer@448c8166, org.springframework.boot.test.context.SpringBootTestAnnotation@d521134f], resourceBasePath = "src/main/webapp", contextLoader = org.springframework.boot.test.context.SpringBootContextLoader, parent = null]
	at org.springframework.test.context.cache.DefaultCacheAwareContextLoaderDelegate.loadContext(DefaultCacheAwareContextLoaderDelegate.java:180) ~[spring-test-6.1.6.jar:6.1.6]
	at org.springframework.test.context.support.DefaultTestContext.getApplicationContext(DefaultTestContext.java:130) ~[spring-test-6.1.6.jar:6.1.6]
	at org.springframework.test.context.web.ServletTestExecutionListener.setUpRequestContextIfNecessary(ServletTestExecutionListener.java:191) ~[spring-test-6.1.6.jar:6.1.6]
	at org.springframework.test.context.web.ServletTestExecutionListener.prepareTestInstance(ServletTestExecutionListener.java:130) ~[spring-test-6.1.6.jar:6.1.6]
	at org.springframework.test.context.TestContextManager.prepareTestInstance(TestContextManager.java:260) ~[spring-test-6.1.6.jar:6.1.6]
	at org.springframework.test.context.junit.jupiter.SpringExtension.postProcessTestInstance(SpringExtension.java:163) ~[spring-test-6.1.6.jar:6.1.6]
	at org.junit.jupiter.engine.descriptor.ClassBasedTestDescriptor.lambda$invokeTestInstancePostProcessors$10(ClassBasedTestDescriptor.java:378) ~[junit-jupiter-engine-5.10.2.jar:5.10.2]
	at org.junit.jupiter.engine.descriptor.ClassBasedTestDescriptor.executeAndMaskThrowable(ClassBasedTestDescriptor.java:383) ~[junit-jupiter-engine-5.10.2.jar:5.10.2]
	at org.junit.jupiter.engine.descriptor.ClassBasedTestDescriptor.lambda$invokeTestInstancePostProcessors$11(ClassBasedTestDescriptor.java:378) ~[junit-jupiter-engine-5.10.2.jar:5.10.2]
	at java.base/java.util.stream.ReferencePipeline$3$1.accept(ReferencePipeline.java:197) ~[na:na]
	at java.base/java.util.stream.ReferencePipeline$2$1.accept(ReferencePipeline.java:179) ~[na:na]
	at java.base/java.util.ArrayList$ArrayListSpliterator.forEachRemaining(ArrayList.java:1625) ~[na:na]
	at java.base/java.util.stream.AbstractPipeline.copyInto(AbstractPipeline.java:509) ~[na:na]
	at java.base/java.util.stream.AbstractPipeline.wrapAndCopyInto(AbstractPipeline.java:499) ~[na:na]
	at java.base/java.util.stream.StreamSpliterators$WrappingSpliterator.forEachRemaining(StreamSpliterators.java:310) ~[na:na]
	at java.base/java.util.stream.Streams$ConcatSpliterator.forEachRemaining(Streams.java:735) ~[na:na]
	at java.base/java.util.stream.Streams$ConcatSpliterator.forEachRemaining(Streams.java:734) ~[na:na]
	at java.base/java.util.stream.ReferencePipeline$Head.forEach(ReferencePipeline.java:762) ~[na:na]
	at org.junit.jupiter.engine.descriptor.ClassBasedTestDescriptor.invokeTestInstancePostProcessors(ClassBasedTestDescriptor.java:377) ~[junit-jupiter-engine-5.10.2.jar:5.10.2]
	at org.junit.jupiter.engine.descriptor.ClassBasedTestDescriptor.lambda$instantiateAndPostProcessTestInstance$6(ClassBasedTestDescriptor.java:290) ~[junit-jupiter-engine-5.10.2.jar:5.10.2]
	at org.junit.platform.engine.support.hierarchical.ThrowableCollector.execute(ThrowableCollector.java:73) ~[junit-platform-engine-1.10.2.jar:1.10.2]
	at org.junit.jupiter.engine.descriptor.ClassBasedTestDescriptor.instantiateAndPostProcessTestInstance(ClassBasedTestDescriptor.java:289) ~[junit-jupiter-engine-5.10.2.jar:5.10.2]
	at org.junit.jupiter.engine.descriptor.ClassBasedTestDescriptor.lambda$testInstancesProvider$4(ClassBasedTestDescriptor.java:279) ~[junit-jupiter-engine-5.10.2.jar:5.10.2]
	at java.base/java.util.Optional.orElseGet(Optional.java:364) ~[na:na]
	at org.junit.jupiter.engine.descriptor.ClassBasedTestDescriptor.lambda$testInstancesProvider$5(ClassBasedTestDescriptor.java:278) ~[junit-jupiter-engine-5.10.2.jar:5.10.2]
	at org.junit.jupiter.engine.execution.TestInstancesProvider.getTestInstances(TestInstancesProvider.java:31) ~[junit-jupiter-engine-5.10.2.jar:5.10.2]
	at org.junit.jupiter.engine.descriptor.TestMethodTestDescriptor.lambda$prepare$0(TestMethodTestDescriptor.java:106) ~[junit-jupiter-engine-5.10.2.jar:5.10.2]
	at org.junit.platform.engine.support.hierarchical.ThrowableCollector.execute(ThrowableCollector.java:73) ~[junit-platform-engine-1.10.2.jar:1.10.2]
	at org.junit.jupiter.engine.descriptor.TestMethodTestDescriptor.prepare(TestMethodTestDescriptor.java:105) ~[junit-jupiter-engine-5.10.2.jar:5.10.2]
	at org.junit.jupiter.engine.descriptor.TestMethodTestDescriptor.prepare(TestMethodTestDescriptor.java:69) ~[junit-jupiter-engine-5.10.2.jar:5.10.2]
	at org.junit.platform.engine.support.hierarchical.NodeTestTask.lambda$prepare$2(NodeTestTask.java:123) ~[junit-platform-engine-1.10.2.jar:1.10.2]
	at org.junit.platform.engine.support.hierarchical.ThrowableCollector.execute(ThrowableCollector.java:73) ~[junit-platform-engine-1.10.2.jar:1.10.2]
	at org.junit.platform.engine.support.hierarchical.NodeTestTask.prepare(NodeTestTask.java:123) ~[junit-platform-engine-1.10.2.jar:1.10.2]
	at org.junit.platform.engine.support.hierarchical.NodeTestTask.execute(NodeTestTask.java:90) ~[junit-platform-engine-1.10.2.jar:1.10.2]
	at java.base/java.util.ArrayList.forEach(ArrayList.java:1511) ~[na:na]
	at org.junit.platform.engine.support.hierarchical.SameThreadHierarchicalTestExecutorService.invokeAll(SameThreadHierarchicalTestExecutorService.java:41) ~[junit-platform-engine-1.10.2.jar:1.10.2]
	at org.junit.platform.engine.support.hierarchical.NodeTestTask.lambda$executeRecursively$6(NodeTestTask.java:155) ~[junit-platform-engine-1.10.2.jar:1.10.2]
	at org.junit.platform.engine.support.hierarchical.ThrowableCollector.execute(ThrowableCollector.java:73) ~[junit-platform-engine-1.10.2.jar:1.10.2]
	at org.junit.platform.engine.support.hierarchical.NodeTestTask.lambda$executeRecursively$8(NodeTestTask.java:141) ~[junit-platform-engine-1.10.2.jar:1.10.2]
	at org.junit.platform.engine.support.hierarchical.Node.around(Node.java:137) ~[junit-platform-engine-1.10.2.jar:1.10.2]
	at org.junit.platform.engine.support.hierarchical.NodeTestTask.lambda$executeRecursively$9(NodeTestTask.java:139) ~[junit-platform-engine-1.10.2.jar:1.10.2]
	at org.junit.platform.engine.support.hierarchical.ThrowableCollector.execute(ThrowableCollector.java:73) ~[junit-platform-engine-1.10.2.jar:1.10.2]
	at org.junit.platform.engine.support.hierarchical.NodeTestTask.executeRecursively(NodeTestTask.java:138) ~[junit-platform-engine-1.10.2.jar:1.10.2]
	at org.junit.platform.engine.support.hierarchical.NodeTestTask.execute(NodeTestTask.java:95) ~[junit-platform-engine-1.10.2.jar:1.10.2]
	at java.base/java.util.ArrayList.forEach(ArrayList.java:1511) ~[na:na]
	at org.junit.platform.engine.support.hierarchical.SameThreadHierarchicalTestExecutorService.invokeAll(SameThreadHierarchicalTestExecutorService.java:41) ~[junit-platform-engine-1.10.2.jar:1.10.2]
	at org.junit.platform.engine.support.hierarchical.NodeTestTask.lambda$executeRecursively$6(NodeTestTask.java:155) ~[junit-platform-engine-1.10.2.jar:1.10.2]
	at org.junit.platform.engine.support.hierarchical.ThrowableCollector.execute(ThrowableCollector.java:73) ~[junit-platform-engine-1.10.2.jar:1.10.2]
	at org.junit.platform.engine.support.hierarchical.NodeTestTask.lambda$executeRecursively$8(NodeTestTask.java:141) ~[junit-platform-engine-1.10.2.jar:1.10.2]
	at org.junit.platform.engine.support.hierarchical.Node.around(Node.java:137) ~[junit-platform-engine-1.10.2.jar:1.10.2]
	at org.junit.platform.engine.support.hierarchical.NodeTestTask.lambda$executeRecursively$9(NodeTestTask.java:139) ~[junit-platform-engine-1.10.2.jar:1.10.2]
	at org.junit.platform.engine.support.hierarchical.ThrowableCollector.execute(ThrowableCollector.java:73) ~[junit-platform-engine-1.10.2.jar:1.10.2]
	at org.junit.platform.engine.support.hierarchical.NodeTestTask.executeRecursively(NodeTestTask.java:138) ~[junit-platform-engine-1.10.2.jar:1.10.2]
	at org.junit.platform.engine.support.hierarchical.NodeTestTask.execute(NodeTestTask.java:95) ~[junit-platform-engine-1.10.2.jar:1.10.2]
	at org.junit.platform.engine.support.hierarchical.SameThreadHierarchicalTestExecutorService.submit(SameThreadHierarchicalTestExecutorService.java:35) ~[junit-platform-engine-1.10.2.jar:1.10.2]
	at org.junit.platform.engine.support.hierarchical.HierarchicalTestExecutor.execute(HierarchicalTestExecutor.java:57) ~[junit-platform-engine-1.10.2.jar:1.10.2]
	at org.junit.platform.engine.support.hierarchical.HierarchicalTestEngine.execute(HierarchicalTestEngine.java:54) ~[junit-platform-engine-1.10.2.jar:1.10.2]
	at org.junit.platform.launcher.core.EngineExecutionOrchestrator.execute(EngineExecutionOrchestrator.java:198) ~[junit-platform-launcher-1.10.2.jar:1.10.2]
	at org.junit.platform.launcher.core.EngineExecutionOrchestrator.execute(EngineExecutionOrchestrator.java:169) ~[junit-platform-launcher-1.10.2.jar:1.10.2]
	at org.junit.platform.launcher.core.EngineExecutionOrchestrator.execute(EngineExecutionOrchestrator.java:93) ~[junit-platform-launcher-1.10.2.jar:1.10.2]
	at org.junit.platform.launcher.core.EngineExecutionOrchestrator.lambda$execute$0(EngineExecutionOrchestrator.java:58) ~[junit-platform-launcher-1.10.2.jar:1.10.2]
	at org.junit.platform.launcher.core.EngineExecutionOrchestrator.withInterceptedStreams(EngineExecutionOrchestrator.java:141) ~[junit-platform-launcher-1.10.2.jar:1.10.2]
	at org.junit.platform.launcher.core.EngineExecutionOrchestrator.execute(EngineExecutionOrchestrator.java:57) ~[junit-platform-launcher-1.10.2.jar:1.10.2]
	at org.junit.platform.launcher.core.DefaultLauncher.execute(DefaultLauncher.java:103) ~[junit-platform-launcher-1.10.2.jar:1.10.2]
	at org.junit.platform.launcher.core.DefaultLauncher.execute(DefaultLauncher.java:85) ~[junit-platform-launcher-1.10.2.jar:1.10.2]
	at org.junit.platform.launcher.core.DelegatingLauncher.execute(DelegatingLauncher.java:47) ~[junit-platform-launcher-1.10.2.jar:1.10.2]
	at org.apache.maven.surefire.junitplatform.LazyLauncher.execute(LazyLauncher.java:56) ~[surefire-junit-platform-3.1.2.jar:3.1.2]
	at org.apache.maven.surefire.junitplatform.JUnitPlatformProvider.execute(JUnitPlatformProvider.java:184) ~[surefire-junit-platform-3.1.2.jar:3.1.2]
	at org.apache.maven.surefire.junitplatform.JUnitPlatformProvider.invokeAllTests(JUnitPlatformProvider.java:148) ~[surefire-junit-platform-3.1.2.jar:3.1.2]
	at org.apache.maven.surefire.junitplatform.JUnitPlatformProvider.invoke(JUnitPlatformProvider.java:122) ~[surefire-junit-platform-3.1.2.jar:3.1.2]
	at org.apache.maven.surefire.booter.ForkedBooter.runSuitesInProcess(ForkedBooter.java:385) ~[surefire-booter-3.1.2.jar:3.1.2]
	at org.apache.maven.surefire.booter.ForkedBooter.execute(ForkedBooter.java:162) ~[surefire-booter-3.1.2.jar:3.1.2]
	at org.apache.maven.surefire.booter.ForkedBooter.run(ForkedBooter.java:507) ~[surefire-booter-3.1.2.jar:3.1.2]
	at org.apache.maven.surefire.booter.ForkedBooter.main(ForkedBooter.java:495) ~[surefire-booter-3.1.2.jar:3.1.2]
Caused by: org.springframework.beans.factory.BeanCreationException: Error creating bean with name 'flyway' defined in class path resource [org/springframework/boot/autoconfigure/flyway/FlywayAutoConfiguration$FlywayConfiguration.class]: Failed to instantiate [org.flywaydb.core.Flyway]: Factory method 'flyway' threw exception with message: Unsupported Database: Oracle 19.0
	at org.springframework.beans.factory.support.ConstructorResolver.instantiate(ConstructorResolver.java:648) ~[spring-beans-6.1.6.jar:6.1.6]
	at org.springframework.beans.factory.support.ConstructorResolver.instantiateUsingFactoryMethod(ConstructorResolver.java:636) ~[spring-beans-6.1.6.jar:6.1.6]
	at org.springframework.beans.factory.support.AbstractAutowireCapableBeanFactory.instantiateUsingFactoryMethod(AbstractAutowireCapableBeanFactory.java:1335) ~[spring-beans-6.1.6.jar:6.1.6]
	at org.springframework.beans.factory.support.AbstractAutowireCapableBeanFactory.createBeanInstance(AbstractAutowireCapableBeanFactory.java:1165) ~[spring-beans-6.1.6.jar:6.1.6]
	at org.springframework.beans.factory.support.AbstractAutowireCapableBeanFactory.doCreateBean(AbstractAutowireCapableBeanFactory.java:562) ~[spring-beans-6.1.6.jar:6.1.6]
	at org.springframework.beans.factory.support.AbstractAutowireCapableBeanFactory.createBean(AbstractAutowireCapableBeanFactory.java:522) ~[spring-beans-6.1.6.jar:6.1.6]
	at org.springframework.beans.factory.support.AbstractBeanFactory.lambda$doGetBean$0(AbstractBeanFactory.java:326) ~[spring-beans-6.1.6.jar:6.1.6]
	at org.springframework.beans.factory.support.DefaultSingletonBeanRegistry.getSingleton(DefaultSingletonBeanRegistry.java:234) ~[spring-beans-6.1.6.jar:6.1.6]
	at org.springframework.beans.factory.support.AbstractBeanFactory.doGetBean(AbstractBeanFactory.java:324) ~[spring-beans-6.1.6.jar:6.1.6]
	at org.springframework.beans.factory.support.AbstractBeanFactory.getBean(AbstractBeanFactory.java:200) ~[spring-beans-6.1.6.jar:6.1.6]
	at org.springframework.beans.factory.support.AbstractBeanFactory.doGetBean(AbstractBeanFactory.java:313) ~[spring-beans-6.1.6.jar:6.1.6]
	at org.springframework.beans.factory.support.AbstractBeanFactory.getBean(AbstractBeanFactory.java:200) ~[spring-beans-6.1.6.jar:6.1.6]
	at org.springframework.context.support.AbstractApplicationContext.getBean(AbstractApplicationContext.java:1234) ~[spring-context-6.1.6.jar:6.1.6]
	at org.springframework.context.support.AbstractApplicationContext.finishBeanFactoryInitialization(AbstractApplicationContext.java:952) ~[spring-context-6.1.6.jar:6.1.6]
	at org.springframework.context.support.AbstractApplicationContext.refresh(AbstractApplicationContext.java:624) ~[spring-context-6.1.6.jar:6.1.6]
	at org.springframework.boot.SpringApplication.refresh(SpringApplication.java:754) ~[spring-boot-3.2.5.jar:3.2.5]
	at org.springframework.boot.SpringApplication.refreshContext(SpringApplication.java:456) ~[spring-boot-3.2.5.jar:3.2.5]
	at org.springframework.boot.SpringApplication.run(SpringApplication.java:334) ~[spring-boot-3.2.5.jar:3.2.5]
	at org.springframework.boot.test.context.SpringBootContextLoader.lambda$loadContext$3(SpringBootContextLoader.java:137) ~[spring-boot-test-3.2.5.jar:3.2.5]
	at org.springframework.util.function.ThrowingSupplier.get(ThrowingSupplier.java:58) ~[spring-core-6.1.6.jar:6.1.6]
	at org.springframework.util.function.ThrowingSupplier.get(ThrowingSupplier.java:46) ~[spring-core-6.1.6.jar:6.1.6]
	at org.springframework.boot.SpringApplication.withHook(SpringApplication.java:1454) ~[spring-boot-3.2.5.jar:3.2.5]
	at org.springframework.boot.test.context.SpringBootContextLoader$ContextLoaderHook.run(SpringBootContextLoader.java:553) ~[spring-boot-test-3.2.5.jar:3.2.5]
	at org.springframework.boot.test.context.SpringBootContextLoader.loadContext(SpringBootContextLoader.java:137) ~[spring-boot-test-3.2.5.jar:3.2.5]
	at org.springframework.boot.test.context.SpringBootContextLoader.loadContext(SpringBootContextLoader.java:108) ~[spring-boot-test-3.2.5.jar:3.2.5]
	at org.springframework.test.context.cache.DefaultCacheAwareContextLoaderDelegate.loadContextInternal(DefaultCacheAwareContextLoaderDelegate.java:225) ~[spring-test-6.1.6.jar:6.1.6]
	at org.springframework.test.context.cache.DefaultCacheAwareContextLoaderDelegate.loadContext(DefaultCacheAwareContextLoaderDelegate.java:152) ~[spring-test-6.1.6.jar:6.1.6]
	... 73 common frames omitted
Caused by: org.springframework.beans.BeanInstantiationException: Failed to instantiate [org.flywaydb.core.Flyway]: Factory method 'flyway' threw exception with message: Unsupported Database: Oracle 19.0
	at org.springframework.beans.factory.support.SimpleInstantiationStrategy.instantiate(SimpleInstantiationStrategy.java:177) ~[spring-beans-6.1.6.jar:6.1.6]
	at org.springframework.beans.factory.support.ConstructorResolver.instantiate(ConstructorResolver.java:644) ~[spring-beans-6.1.6.jar:6.1.6]
	... 99 common frames omitted
Caused by: org.flywaydb.core.api.FlywayException: Unsupported Database: Oracle 19.0
	at org.flywaydb.core.internal.database.DatabaseTypeRegister.getDatabaseTypeForConnection(DatabaseTypeRegister.java:105) ~[flyway-core-9.22.3.jar:na]
	at org.flywaydb.core.api.configuration.ClassicConfiguration.setDataSource(ClassicConfiguration.java:1095) ~[flyway-core-9.22.3.jar:na]
	at org.flywaydb.core.api.configuration.FluentConfiguration.dataSource(FluentConfiguration.java:624) ~[flyway-core-9.22.3.jar:na]
	at org.springframework.boot.autoconfigure.flyway.FlywayAutoConfiguration$FlywayConfiguration.configureDataSource(FlywayAutoConfiguration.java:185) ~[spring-boot-autoconfigure-3.2.5.jar:3.2.5]
	at org.springframework.boot.autoconfigure.flyway.FlywayAutoConfiguration$FlywayConfiguration.flyway(FlywayAutoConfiguration.java:172) ~[spring-boot-autoconfigure-3.2.5.jar:3.2.5]
	at java.base/jdk.internal.reflect.NativeMethodAccessorImpl.invoke0(Native Method) ~[na:na]
	at java.base/jdk.internal.reflect.NativeMethodAccessorImpl.invoke(NativeMethodAccessorImpl.java:77) ~[na:na]
	at java.base/jdk.internal.reflect.DelegatingMethodAccessorImpl.invoke(DelegatingMethodAccessorImpl.java:43) ~[na:na]
	at java.base/java.lang.reflect.Method.invoke(Method.java:568) ~[na:na]
	at org.springframework.beans.factory.support.SimpleInstantiationStrategy.instantiate(SimpleInstantiationStrategy.java:140) ~[spring-beans-6.1.6.jar:6.1.6]
	... 100 common frames omitted

2025-09-23T19:51:02.149-03:00  INFO 74512 --- [MottuGrid_Java] [main] b.c.m.MottuGridJavaApplicationTests      : Starting MottuGridJavaApplicationTests using Java 17.0.10 with PID 74512 (started by Vinicius in C:\Users\Vinicius\Documents\ESTUDO\FIAP2Ano\Sprint3\java)
2025-09-23T19:51:02.153-03:00  INFO 74512 --- [MottuGrid_Java] [main] b.c.m.MottuGridJavaApplicationTests      : No active profile set, falling back to 1 default profile: "default"
2025-09-23T19:51:04.072-03:00  INFO 74512 --- [MottuGrid_Java] [main] .s.d.r.c.RepositoryConfigurationDelegate : Bootstrapping Spring Data JPA repositories in DEFAULT mode.
2025-09-23T19:51:04.228-03:00  INFO 74512 --- [MottuGrid_Java] [main] .s.d.r.c.RepositoryConfigurationDelegate : Finished Spring Data repository scanning in 129 ms. Found 3 JPA repository interfaces.
2025-09-23T19:51:05.521-03:00  INFO 74512 --- [MottuGrid_Java] [main] com.zaxxer.hikari.HikariDataSource       : SpringBootHikariCP - Starting...
2025-09-23T19:51:06.396-03:00  INFO 74512 --- [MottuGrid_Java] [main] com.zaxxer.hikari.pool.HikariPool        : SpringBootHikariCP - Added connection oracle.jdbc.driver.T4CConnection@377dfb8d
2025-09-23T19:51:06.400-03:00  INFO 74512 --- [MottuGrid_Java] [main] com.zaxxer.hikari.HikariDataSource       : SpringBootHikariCP - Start completed.
2025-09-23T19:51:06.558-03:00  INFO 74512 --- [MottuGrid_Java] [main] o.f.c.internal.license.VersionPrinter    : Flyway Community Edition 9.22.3 by Redgate
2025-09-23T19:51:06.559-03:00  INFO 74512 --- [MottuGrid_Java] [main] o.f.c.internal.license.VersionPrinter    : See release notes here: https://rd.gt/416ObMi
2025-09-23T19:51:06.559-03:00  INFO 74512 --- [MottuGrid_Java] [main] o.f.c.internal.license.VersionPrinter    : 
2025-09-23T19:51:06.586-03:00  INFO 74512 --- [MottuGrid_Java] [main] o.f.c.i.resource.ResourceNameValidator   : 1 SQL migrations were detected but not run because they did not follow the filename convention.
2025-09-23T19:51:06.586-03:00  INFO 74512 --- [MottuGrid_Java] [main] o.f.c.i.resource.ResourceNameValidator   : Set 'validateMigrationNaming' to true to fail fast and see a list of the invalid file names.
2025-09-23T19:51:06.604-03:00  INFO 74512 --- [MottuGrid_Java] [main] org.flywaydb.core.FlywayExecutor         : Database: jdbc:oracle:thin:@oracle.fiap.com.br:1521:ORCL (Oracle 19.0)
2025-09-23T19:51:07.103-03:00  INFO 74512 --- [MottuGrid_Java] [main] o.f.c.i.s.JdbcTableSchemaHistory         : Schema history table "RM556182"."flyway_schema_history" does not exist yet
2025-09-23T19:51:07.124-03:00  INFO 74512 --- [MottuGrid_Java] [main] o.f.core.internal.command.DbValidate     : Successfully validated 0 migrations (execution time 00:00.045s)
2025-09-23T19:51:07.124-03:00  WARN 74512 --- [MottuGrid_Java] [main] o.f.core.internal.command.DbValidate     : No migrations found. Are your locations set up correctly?
2025-09-23T19:51:07.787-03:00  INFO 74512 --- [MottuGrid_Java] [main] o.f.c.i.s.JdbcTableSchemaHistory         : Creating Schema History table "RM556182"."flyway_schema_history" with baseline ...
2025-09-23T19:51:07.980-03:00  INFO 74512 --- [MottuGrid_Java] [main] o.f.core.internal.command.DbBaseline     : Successfully baselined schema with version: 1
2025-09-23T19:51:08.140-03:00  INFO 74512 --- [MottuGrid_Java] [main] o.f.core.internal.command.DbMigrate      : Current version of schema "RM556182": 1
2025-09-23T19:51:08.156-03:00  INFO 74512 --- [MottuGrid_Java] [main] o.f.core.internal.command.DbMigrate      : Schema "RM556182" is up to date. No migration necessary.
2025-09-23T19:51:08.342-03:00  INFO 74512 --- [MottuGrid_Java] [main] o.hibernate.jpa.internal.util.LogHelper  : HHH000204: Processing PersistenceUnitInfo [name: default]
2025-09-23T19:51:08.452-03:00  INFO 74512 --- [MottuGrid_Java] [main] org.hibernate.Version                    : HHH000412: Hibernate ORM core version 6.4.4.Final
2025-09-23T19:51:08.501-03:00  INFO 74512 --- [MottuGrid_Java] [main] o.h.c.internal.RegionFactoryInitiator    : HHH000026: Second-level cache disabled
2025-09-23T19:51:08.867-03:00  INFO 74512 --- [MottuGrid_Java] [main] o.s.o.j.p.SpringPersistenceUnitInfo      : No LoadTimeWeaver setup: ignoring JPA class transformer
2025-09-23T19:51:08.958-03:00  WARN 74512 --- [MottuGrid_Java] [main] org.hibernate.orm.deprecation            : HHH90000025: OracleDialect does not need to be specified explicitly using 'hibernate.dialect' (remove the property setting and it will be selected by default)
2025-09-23T19:51:10.273-03:00  INFO 74512 --- [MottuGrid_Java] [main] o.h.e.t.j.p.i.JtaPlatformInitiator       : HHH000489: No JTA platform available (set 'hibernate.transaction.jta.platform' to enable JTA platform integration)
2025-09-23T19:51:10.277-03:00  INFO 74512 --- [MottuGrid_Java] [main] j.LocalContainerEntityManagerFactoryBean : Initialized JPA EntityManagerFactory for persistence unit 'default'
2025-09-23T19:51:10.966-03:00 TRACE 74512 --- [MottuGrid_Java] [main] t.a.AnnotationTransactionAttributeSource : Adding transactional method 'br.com.mottugrid_java.service.BranchService.update' with attribute: PROPAGATION_REQUIRED,ISOLATION_DEFAULT
2025-09-23T19:51:10.993-03:00 TRACE 74512 --- [MottuGrid_Java] [main] t.a.AnnotationTransactionAttributeSource : Adding transactional method 'br.com.mottugrid_java.service.BranchService.delete' with attribute: PROPAGATION_REQUIRED,ISOLATION_DEFAULT
2025-09-23T19:51:10.993-03:00 TRACE 74512 --- [MottuGrid_Java] [main] t.a.AnnotationTransactionAttributeSource : Adding transactional method 'br.com.mottugrid_java.service.BranchService.create' with attribute: PROPAGATION_REQUIRED,ISOLATION_DEFAULT
2025-09-23T19:51:11.167-03:00 TRACE 74512 --- [MottuGrid_Java] [main] t.a.AnnotationTransactionAttributeSource : Adding transactional method 'br.com.mottugrid_java.service.MotorcycleService.update' with attribute: PROPAGATION_REQUIRED,ISOLATION_DEFAULT
2025-09-23T19:51:11.171-03:00 TRACE 74512 --- [MottuGrid_Java] [main] t.a.AnnotationTransactionAttributeSource : Adding transactional method 'br.com.mottugrid_java.service.MotorcycleService.delete' with attribute: PROPAGATION_REQUIRED,ISOLATION_DEFAULT
2025-09-23T19:51:11.171-03:00 TRACE 74512 --- [MottuGrid_Java] [main] t.a.AnnotationTransactionAttributeSource : Adding transactional method 'br.com.mottugrid_java.service.MotorcycleService.create' with attribute: PROPAGATION_REQUIRED,ISOLATION_DEFAULT
2025-09-23T19:51:11.204-03:00 TRACE 74512 --- [MottuGrid_Java] [main] t.a.AnnotationTransactionAttributeSource : Adding transactional method 'br.com.mottugrid_java.service.YardService.update' with attribute: PROPAGATION_REQUIRED,ISOLATION_DEFAULT
2025-09-23T19:51:11.214-03:00 TRACE 74512 --- [MottuGrid_Java] [main] t.a.AnnotationTransactionAttributeSource : Adding transactional method 'br.com.mottugrid_java.service.YardService.delete' with attribute: PROPAGATION_REQUIRED,ISOLATION_DEFAULT
2025-09-23T19:51:11.215-03:00 TRACE 74512 --- [MottuGrid_Java] [main] t.a.AnnotationTransactionAttributeSource : Adding transactional method 'br.com.mottugrid_java.service.YardService.create' with attribute: PROPAGATION_REQUIRED,ISOLATION_DEFAULT
2025-09-23T19:51:11.766-03:00  WARN 74512 --- [MottuGrid_Java] [main] JpaBaseConfiguration$JpaWebConfiguration : spring.jpa.open-in-view is enabled by default. Therefore, database queries may be performed during view rendering. Explicitly configure spring.jpa.open-in-view to disable this warning
2025-09-23T19:51:11.848-03:00  INFO 74512 --- [MottuGrid_Java] [main] o.s.b.a.w.s.WelcomePageHandlerMapping    : Adding welcome page template: index
2025-09-23T19:51:13.169-03:00  WARN 74512 --- [MottuGrid_Java] [main] .s.s.UserDetailsServiceAutoConfiguration : 

Using generated security password: 895f12e7-6dfd-4ada-95fc-7d59d33be1e5

This generated password is for development use only. Your security configuration must be updated before running your application in production.

2025-09-23T19:51:13.512-03:00  INFO 74512 --- [MottuGrid_Java] [main] o.s.s.web.DefaultSecurityFilterChain     : Will secure any request with [org.springframework.security.web.session.DisableEncodeUrlFilter@4248608d, org.springframework.security.web.context.request.async.WebAsyncManagerIntegrationFilter@34dc40d5, org.springframework.security.web.context.SecurityContextHolderFilter@36b4cbb8, org.springframework.security.web.header.HeaderWriterFilter@1bff4cb9, org.springframework.web.filter.CorsFilter@11f81488, org.springframework.security.web.csrf.CsrfFilter@372b2573, org.springframework.security.web.authentication.logout.LogoutFilter@3b910a4b, org.springframework.security.web.authentication.UsernamePasswordAuthenticationFilter@7b6d88d1, org.springframework.security.web.authentication.ui.DefaultLoginPageGeneratingFilter@637bf67c, org.springframework.security.web.authentication.ui.DefaultLogoutPageGeneratingFilter@61a7930e, org.springframework.security.web.authentication.www.BasicAuthenticationFilter@567412db, org.springframework.security.web.savedrequest.RequestCacheAwareFilter@4bd29a01, org.springframework.security.web.servletapi.SecurityContextHolderAwareRequestFilter@5a4a8a33, org.springframework.security.web.authentication.AnonymousAuthenticationFilter@60eacbbf, org.springframework.security.web.access.ExceptionTranslationFilter@6230a15a, org.springframework.security.web.access.intercept.AuthorizationFilter@4a2891d1]
2025-09-23T19:51:13.643-03:00  INFO 74512 --- [MottuGrid_Java] [main] b.c.m.MottuGridJavaApplicationTests      : Started MottuGridJavaApplicationTests in 12.093 seconds (process running for 13.918)
2025-09-23T19:51:13.683-03:00 TRACE 74512 --- [MottuGrid_Java] [main] o.s.t.i.TransactionInterceptor           : Getting transaction for [org.springframework.data.jpa.repository.support.SimpleJpaRepository.findAll]
2025-09-23T19:51:13.984-03:00 DEBUG 74512 --- [MottuGrid_Java] [main] org.hibernate.SQL                        : 
    select
        m1_0.id,
        m1_0.manufacturer,
        m1_0.model,
        m1_0.plate,
        m1_0.yard_id,
        m1_0.year 
    from
        motorcycles m1_0
2025-09-23T19:51:14.112-03:00 TRACE 74512 --- [MottuGrid_Java] [main] o.s.t.i.TransactionInterceptor           : Completing transaction for [org.springframework.data.jpa.repository.support.SimpleJpaRepository.findAll]
2025-09-23T19:51:15.376-03:00  INFO 74512 --- [MottuGrid_Java] [SpringApplicationShutdownHook] j.LocalContainerEntityManagerFactoryBean : Closing JPA EntityManagerFactory for persistence unit 'default'
2025-09-23T19:51:15.383-03:00  INFO 74512 --- [MottuGrid_Java] [SpringApplicationShutdownHook] com.zaxxer.hikari.HikariDataSource       : SpringBootHikariCP - Shutdown initiated...
2025-09-23T19:51:15.440-03:00  INFO 74512 --- [MottuGrid_Java] [SpringApplicationShutdownHook] com.zaxxer.hikari.HikariDataSource       : SpringBootHikariCP - Shutdown completed.
2025-09-23T19:51:28.633-03:00  INFO 72996 --- [MottuGrid_Java] [main] b.c.m.MottugridJavaApplication           : Starting MottugridJavaApplication using Java 17.0.10 with PID 72996 (C:\Users\Vinicius\Documents\ESTUDO\FIAP2Ano\Sprint3\java\target\classes started by Vinicius in C:\Users\Vinicius\Documents\ESTUDO\FIAP2Ano\Sprint3\java)
2025-09-23T19:51:28.637-03:00  INFO 72996 --- [MottuGrid_Java] [main] b.c.m.MottugridJavaApplication           : No active profile set, falling back to 1 default profile: "default"
2025-09-23T19:51:29.522-03:00  INFO 72996 --- [MottuGrid_Java] [main] .s.d.r.c.RepositoryConfigurationDelegate : Bootstrapping Spring Data JPA repositories in DEFAULT mode.
2025-09-23T19:51:29.586-03:00  INFO 72996 --- [MottuGrid_Java] [main] .s.d.r.c.RepositoryConfigurationDelegate : Finished Spring Data repository scanning in 56 ms. Found 3 JPA repository interfaces.
2025-09-23T19:51:30.222-03:00  INFO 72996 --- [MottuGrid_Java] [main] o.s.b.w.embedded.tomcat.TomcatWebServer  : Tomcat initialized with port 8080 (http)
2025-09-23T19:51:30.235-03:00  INFO 72996 --- [MottuGrid_Java] [main] o.apache.catalina.core.StandardService   : Starting service [Tomcat]
2025-09-23T19:51:30.236-03:00  INFO 72996 --- [MottuGrid_Java] [main] o.apache.catalina.core.StandardEngine    : Starting Servlet engine: [Apache Tomcat/10.1.20]
2025-09-23T19:51:30.303-03:00  INFO 72996 --- [MottuGrid_Java] [main] o.a.c.c.C.[Tomcat].[localhost].[/]       : Initializing Spring embedded WebApplicationContext
2025-09-23T19:51:30.303-03:00  INFO 72996 --- [MottuGrid_Java] [main] w.s.c.ServletWebServerApplicationContext : Root WebApplicationContext: initialization completed in 1602 ms
2025-09-23T19:51:30.470-03:00  INFO 72996 --- [MottuGrid_Java] [main] com.zaxxer.hikari.HikariDataSource       : SpringBootHikariCP - Starting...
2025-09-23T19:51:30.856-03:00  INFO 72996 --- [MottuGrid_Java] [main] com.zaxxer.hikari.pool.HikariPool        : SpringBootHikariCP - Added connection oracle.jdbc.driver.T4CConnection@5968800d
2025-09-23T19:51:30.859-03:00  INFO 72996 --- [MottuGrid_Java] [main] com.zaxxer.hikari.HikariDataSource       : SpringBootHikariCP - Start completed.
2025-09-23T19:51:30.921-03:00  INFO 72996 --- [MottuGrid_Java] [main] o.f.c.internal.license.VersionPrinter    : Flyway Community Edition 9.22.3 by Redgate
2025-09-23T19:51:30.922-03:00  INFO 72996 --- [MottuGrid_Java] [main] o.f.c.internal.license.VersionPrinter    : See release notes here: https://rd.gt/416ObMi
2025-09-23T19:51:30.922-03:00  INFO 72996 --- [MottuGrid_Java] [main] o.f.c.internal.license.VersionPrinter    : 
2025-09-23T19:51:30.931-03:00  INFO 72996 --- [MottuGrid_Java] [main] o.f.c.i.resource.ResourceNameValidator   : 1 SQL migrations were detected but not run because they did not follow the filename convention.
2025-09-23T19:51:30.931-03:00  INFO 72996 --- [MottuGrid_Java] [main] o.f.c.i.resource.ResourceNameValidator   : Set 'validateMigrationNaming' to true to fail fast and see a list of the invalid file names.
2025-09-23T19:51:30.937-03:00  INFO 72996 --- [MottuGrid_Java] [main] org.flywaydb.core.FlywayExecutor         : Database: jdbc:oracle:thin:@oracle.fiap.com.br:1521:ORCL (Oracle 19.0)
2025-09-23T19:51:31.357-03:00  INFO 72996 --- [MottuGrid_Java] [main] o.f.core.internal.command.DbValidate     : Successfully validated 1 migration (execution time 00:00.029s)
2025-09-23T19:51:31.460-03:00  INFO 72996 --- [MottuGrid_Java] [main] o.f.core.internal.command.DbMigrate      : Current version of schema "RM556182": 1
2025-09-23T19:51:31.472-03:00  INFO 72996 --- [MottuGrid_Java] [main] o.f.core.internal.command.DbMigrate      : Schema "RM556182" is up to date. No migration necessary.
2025-09-23T19:51:31.559-03:00  INFO 72996 --- [MottuGrid_Java] [main] o.hibernate.jpa.internal.util.LogHelper  : HHH000204: Processing PersistenceUnitInfo [name: default]
2025-09-23T19:51:31.600-03:00  INFO 72996 --- [MottuGrid_Java] [main] org.hibernate.Version                    : HHH000412: Hibernate ORM core version 6.4.4.Final
2025-09-23T19:51:31.626-03:00  INFO 72996 --- [MottuGrid_Java] [main] o.h.c.internal.RegionFactoryInitiator    : HHH000026: Second-level cache disabled
2025-09-23T19:51:31.807-03:00  INFO 72996 --- [MottuGrid_Java] [main] o.s.o.j.p.SpringPersistenceUnitInfo      : No LoadTimeWeaver setup: ignoring JPA class transformer
2025-09-23T19:51:31.867-03:00  WARN 72996 --- [MottuGrid_Java] [main] org.hibernate.orm.deprecation            : HHH90000025: OracleDialect does not need to be specified explicitly using 'hibernate.dialect' (remove the property setting and it will be selected by default)
2025-09-23T19:51:32.707-03:00  INFO 72996 --- [MottuGrid_Java] [main] o.h.e.t.j.p.i.JtaPlatformInitiator       : HHH000489: No JTA platform available (set 'hibernate.transaction.jta.platform' to enable JTA platform integration)
2025-09-23T19:51:32.710-03:00  INFO 72996 --- [MottuGrid_Java] [main] j.LocalContainerEntityManagerFactoryBean : Initialized JPA EntityManagerFactory for persistence unit 'default'
2025-09-23T19:51:32.935-03:00 TRACE 72996 --- [MottuGrid_Java] [main] t.a.AnnotationTransactionAttributeSource : Adding transactional method 'br.com.mottugrid_java.service.BranchService.update' with attribute: PROPAGATION_REQUIRED,ISOLATION_DEFAULT
2025-09-23T19:51:32.942-03:00 TRACE 72996 --- [MottuGrid_Java] [main] t.a.AnnotationTransactionAttributeSource : Adding transactional method 'br.com.mottugrid_java.service.BranchService.delete' with attribute: PROPAGATION_REQUIRED,ISOLATION_DEFAULT
2025-09-23T19:51:32.943-03:00 TRACE 72996 --- [MottuGrid_Java] [main] t.a.AnnotationTransactionAttributeSource : Adding transactional method 'br.com.mottugrid_java.service.BranchService.create' with attribute: PROPAGATION_REQUIRED,ISOLATION_DEFAULT
2025-09-23T19:51:33.001-03:00 TRACE 72996 --- [MottuGrid_Java] [main] t.a.AnnotationTransactionAttributeSource : Adding transactional method 'br.com.mottugrid_java.service.MotorcycleService.update' with attribute: PROPAGATION_REQUIRED,ISOLATION_DEFAULT
2025-09-23T19:51:33.002-03:00 TRACE 72996 --- [MottuGrid_Java] [main] t.a.AnnotationTransactionAttributeSource : Adding transactional method 'br.com.mottugrid_java.service.MotorcycleService.delete' with attribute: PROPAGATION_REQUIRED,ISOLATION_DEFAULT
2025-09-23T19:51:33.003-03:00 TRACE 72996 --- [MottuGrid_Java] [main] t.a.AnnotationTransactionAttributeSource : Adding transactional method 'br.com.mottugrid_java.service.MotorcycleService.create' with attribute: PROPAGATION_REQUIRED,ISOLATION_DEFAULT
2025-09-23T19:51:33.021-03:00 TRACE 72996 --- [MottuGrid_Java] [main] t.a.AnnotationTransactionAttributeSource : Adding transactional method 'br.com.mottugrid_java.service.YardService.update' with attribute: PROPAGATION_REQUIRED,ISOLATION_DEFAULT
2025-09-23T19:51:33.025-03:00 TRACE 72996 --- [MottuGrid_Java] [main] t.a.AnnotationTransactionAttributeSource : Adding transactional method 'br.com.mottugrid_java.service.YardService.delete' with attribute: PROPAGATION_REQUIRED,ISOLATION_DEFAULT
2025-09-23T19:51:33.026-03:00 TRACE 72996 --- [MottuGrid_Java] [main] t.a.AnnotationTransactionAttributeSource : Adding transactional method 'br.com.mottugrid_java.service.YardService.create' with attribute: PROPAGATION_REQUIRED,ISOLATION_DEFAULT
2025-09-23T19:51:33.140-03:00  WARN 72996 --- [MottuGrid_Java] [main] JpaBaseConfiguration$JpaWebConfiguration : spring.jpa.open-in-view is enabled by default. Therefore, database queries may be performed during view rendering. Explicitly configure spring.jpa.open-in-view to disable this warning
2025-09-23T19:51:33.169-03:00  INFO 72996 --- [MottuGrid_Java] [main] o.s.b.a.w.s.WelcomePageHandlerMapping    : Adding welcome page template: index
2025-09-23T19:51:33.583-03:00  WARN 72996 --- [MottuGrid_Java] [main] .s.s.UserDetailsServiceAutoConfiguration : 

Using generated security password: 683cfc98-b7cf-49c2-9d16-0f879e570590

This generated password is for development use only. Your security configuration must be updated before running your application in production.

2025-09-23T19:51:33.695-03:00  INFO 72996 --- [MottuGrid_Java] [main] o.s.s.web.DefaultSecurityFilterChain     : Will secure any request with [org.springframework.security.web.session.DisableEncodeUrlFilter@2da7ef3e, org.springframework.security.web.context.request.async.WebAsyncManagerIntegrationFilter@67cc5a38, org.springframework.security.web.context.SecurityContextHolderFilter@138d85f8, org.springframework.security.web.header.HeaderWriterFilter@27115d45, org.springframework.web.filter.CorsFilter@23b62cc3, org.springframework.security.web.csrf.CsrfFilter@643947d1, org.springframework.security.web.authentication.logout.LogoutFilter@158f0af4, org.springframework.security.web.authentication.UsernamePasswordAuthenticationFilter@5b5f48d5, org.springframework.security.web.authentication.ui.DefaultLoginPageGeneratingFilter@1b513ce8, org.springframework.security.web.authentication.ui.DefaultLogoutPageGeneratingFilter@f4e235e, org.springframework.security.web.authentication.www.BasicAuthenticationFilter@2aec09a3, org.springframework.security.web.savedrequest.RequestCacheAwareFilter@2e29a7d, org.springframework.security.web.servletapi.SecurityContextHolderAwareRequestFilter@4af8ff3, org.springframework.security.web.authentication.AnonymousAuthenticationFilter@1d82e396, org.springframework.security.web.access.ExceptionTranslationFilter@34438b38, org.springframework.security.web.access.intercept.AuthorizationFilter@52dfd7f5]
2025-09-23T19:51:33.774-03:00  INFO 72996 --- [MottuGrid_Java] [main] o.a.c.c.C.[Tomcat].[localhost].[/]       : Initializing Spring DispatcherServlet 'dispatcherServlet'
2025-09-23T19:51:33.775-03:00  INFO 72996 --- [MottuGrid_Java] [main] o.s.web.servlet.DispatcherServlet        : Initializing Servlet 'dispatcherServlet'
2025-09-23T19:51:33.776-03:00  INFO 72996 --- [MottuGrid_Java] [main] o.s.web.servlet.DispatcherServlet        : Completed initialization in 1 ms
2025-09-23T19:51:33.778-03:00  INFO 72996 --- [MottuGrid_Java] [main] o.s.b.w.embedded.tomcat.TomcatWebServer  : Tomcat started on port 8080 (http) with context path ''
2025-09-23T19:51:33.794-03:00  INFO 72996 --- [MottuGrid_Java] [main] b.c.m.MottugridJavaApplication           : Started MottugridJavaApplication in 5.645 seconds (process running for 6.048)
2025-09-23T19:51:33.837-03:00 TRACE 72996 --- [MottuGrid_Java] [main] o.s.t.i.TransactionInterceptor           : Getting transaction for [org.springframework.data.jpa.repository.support.SimpleJpaRepository.findAll]
2025-09-23T19:51:33.973-03:00 DEBUG 72996 --- [MottuGrid_Java] [main] org.hibernate.SQL                        : 
    select
        m1_0.id,
        m1_0.manufacturer,
        m1_0.model,
        m1_0.plate,
        m1_0.yard_id,
        m1_0.year 
    from
        motorcycles m1_0
2025-09-23T19:51:34.015-03:00 TRACE 72996 --- [MottuGrid_Java] [main] o.s.t.i.TransactionInterceptor           : Completing transaction for [org.springframework.data.jpa.repository.support.SimpleJpaRepository.findAll]
2025-09-23T19:56:47.505-03:00  INFO 72996 --- [MottuGrid_Java] [SpringApplicationShutdownHook] j.LocalContainerEntityManagerFactoryBean : Closing JPA EntityManagerFactory for persistence unit 'default'
2025-09-23T19:56:47.510-03:00  INFO 72996 --- [MottuGrid_Java] [SpringApplicationShutdownHook] com.zaxxer.hikari.HikariDataSource       : SpringBootHikariCP - Shutdown initiated...
2025-09-23T19:56:47.578-03:00  INFO 72996 --- [MottuGrid_Java] [SpringApplicationShutdownHook] com.zaxxer.hikari.HikariDataSource       : SpringBootHikariCP - Shutdown completed.
2025-09-23T19:58:47.503-03:00  INFO 74656 --- [MottuGrid_Java] [main] b.c.m.MottuGridJavaApplicationTests      : Starting MottuGridJavaApplicationTests using Java 17.0.10 with PID 74656 (started by Vinicius in C:\Users\Vinicius\Documents\ESTUDO\FIAP2Ano\Sprint3\java)
2025-09-23T19:58:47.505-03:00  INFO 74656 --- [MottuGrid_Java] [main] b.c.m.MottuGridJavaApplicationTests      : No active profile set, falling back to 1 default profile: "default"
2025-09-23T19:58:48.552-03:00  INFO 74656 --- [MottuGrid_Java] [main] .s.d.r.c.RepositoryConfigurationDelegate : Bootstrapping Spring Data JPA repositories in DEFAULT mode.
2025-09-23T19:58:48.627-03:00  INFO 74656 --- [MottuGrid_Java] [main] .s.d.r.c.RepositoryConfigurationDelegate : Finished Spring Data repository scanning in 65 ms. Found 3 JPA repository interfaces.
2025-09-23T19:58:50.724-03:00  INFO 74656 --- [MottuGrid_Java] [main] com.zaxxer.hikari.HikariDataSource       : SpringBootHikariCP - Starting...
2025-09-23T19:58:52.163-03:00  INFO 74656 --- [MottuGrid_Java] [main] com.zaxxer.hikari.pool.HikariPool        : SpringBootHikariCP - Added connection oracle.jdbc.driver.T4CConnection@124eb83d
2025-09-23T19:58:52.169-03:00  INFO 74656 --- [MottuGrid_Java] [main] com.zaxxer.hikari.HikariDataSource       : SpringBootHikariCP - Start completed.
2025-09-23T19:58:52.547-03:00  INFO 74656 --- [MottuGrid_Java] [main] o.f.c.internal.license.VersionPrinter    : Flyway Community Edition 9.22.3 by Redgate
2025-09-23T19:58:52.548-03:00  INFO 74656 --- [MottuGrid_Java] [main] o.f.c.internal.license.VersionPrinter    : See release notes here: https://rd.gt/416ObMi
2025-09-23T19:58:52.548-03:00  INFO 74656 --- [MottuGrid_Java] [main] o.f.c.internal.license.VersionPrinter    : 
2025-09-23T19:58:52.636-03:00  INFO 74656 --- [MottuGrid_Java] [main] o.f.c.i.resource.ResourceNameValidator   : 1 SQL migrations were detected but not run because they did not follow the filename convention.
2025-09-23T19:58:52.636-03:00  INFO 74656 --- [MottuGrid_Java] [main] o.f.c.i.resource.ResourceNameValidator   : Set 'validateMigrationNaming' to true to fail fast and see a list of the invalid file names.
2025-09-23T19:58:52.666-03:00  INFO 74656 --- [MottuGrid_Java] [main] org.flywaydb.core.FlywayExecutor         : Database: jdbc:oracle:thin:@oracle.fiap.com.br:1521:ORCL (Oracle 19.0)
2025-09-23T19:58:53.110-03:00  INFO 74656 --- [MottuGrid_Java] [main] o.f.core.internal.command.DbValidate     : Successfully validated 1 migration (execution time 00:00.033s)
2025-09-23T19:58:53.178-03:00  INFO 74656 --- [MottuGrid_Java] [main] o.f.core.internal.command.DbMigrate      : Current version of schema "RM556182": 1
2025-09-23T19:58:53.201-03:00  INFO 74656 --- [MottuGrid_Java] [main] o.f.core.internal.command.DbMigrate      : Schema "RM556182" is up to date. No migration necessary.
2025-09-23T19:58:53.339-03:00  INFO 74656 --- [MottuGrid_Java] [main] o.hibernate.jpa.internal.util.LogHelper  : HHH000204: Processing PersistenceUnitInfo [name: default]
2025-09-23T19:58:53.461-03:00  INFO 74656 --- [MottuGrid_Java] [main] org.hibernate.Version                    : HHH000412: Hibernate ORM core version 6.4.4.Final
2025-09-23T19:58:53.530-03:00  INFO 74656 --- [MottuGrid_Java] [main] o.h.c.internal.RegionFactoryInitiator    : HHH000026: Second-level cache disabled
2025-09-23T19:58:53.925-03:00  INFO 74656 --- [MottuGrid_Java] [main] o.s.o.j.p.SpringPersistenceUnitInfo      : No LoadTimeWeaver setup: ignoring JPA class transformer
2025-09-23T19:58:55.050-03:00  INFO 74656 --- [MottuGrid_Java] [main] o.h.e.t.j.p.i.JtaPlatformInitiator       : HHH000489: No JTA platform available (set 'hibernate.transaction.jta.platform' to enable JTA platform integration)
2025-09-23T19:58:55.052-03:00  INFO 74656 --- [MottuGrid_Java] [main] j.LocalContainerEntityManagerFactoryBean : Initialized JPA EntityManagerFactory for persistence unit 'default'
2025-09-23T19:58:55.452-03:00 TRACE 74656 --- [MottuGrid_Java] [main] t.a.AnnotationTransactionAttributeSource : Adding transactional method 'br.com.mottugrid_java.service.BranchService.update' with attribute: PROPAGATION_REQUIRED,ISOLATION_DEFAULT
2025-09-23T19:58:55.468-03:00 TRACE 74656 --- [MottuGrid_Java] [main] t.a.AnnotationTransactionAttributeSource : Adding transactional method 'br.com.mottugrid_java.service.BranchService.delete' with attribute: PROPAGATION_REQUIRED,ISOLATION_DEFAULT
2025-09-23T19:58:55.469-03:00 TRACE 74656 --- [MottuGrid_Java] [main] t.a.AnnotationTransactionAttributeSource : Adding transactional method 'br.com.mottugrid_java.service.BranchService.create' with attribute: PROPAGATION_REQUIRED,ISOLATION_DEFAULT
2025-09-23T19:58:55.557-03:00 TRACE 74656 --- [MottuGrid_Java] [main] t.a.AnnotationTransactionAttributeSource : Adding transactional method 'br.com.mottugrid_java.service.MotorcycleService.update' with attribute: PROPAGATION_REQUIRED,ISOLATION_DEFAULT
2025-09-23T19:58:55.559-03:00 TRACE 74656 --- [MottuGrid_Java] [main] t.a.AnnotationTransactionAttributeSource : Adding transactional method 'br.com.mottugrid_java.service.MotorcycleService.delete' with attribute: PROPAGATION_REQUIRED,ISOLATION_DEFAULT
2025-09-23T19:58:55.559-03:00 TRACE 74656 --- [MottuGrid_Java] [main] t.a.AnnotationTransactionAttributeSource : Adding transactional method 'br.com.mottugrid_java.service.MotorcycleService.create' with attribute: PROPAGATION_REQUIRED,ISOLATION_DEFAULT
2025-09-23T19:58:55.581-03:00 TRACE 74656 --- [MottuGrid_Java] [main] t.a.AnnotationTransactionAttributeSource : Adding transactional method 'br.com.mottugrid_java.service.YardService.update' with attribute: PROPAGATION_REQUIRED,ISOLATION_DEFAULT
2025-09-23T19:58:55.587-03:00 TRACE 74656 --- [MottuGrid_Java] [main] t.a.AnnotationTransactionAttributeSource : Adding transactional method 'br.com.mottugrid_java.service.YardService.delete' with attribute: PROPAGATION_REQUIRED,ISOLATION_DEFAULT
2025-09-23T19:58:55.589-03:00 TRACE 74656 --- [MottuGrid_Java] [main] t.a.AnnotationTransactionAttributeSource : Adding transactional method 'br.com.mottugrid_java.service.YardService.create' with attribute: PROPAGATION_REQUIRED,ISOLATION_DEFAULT
2025-09-23T19:58:55.947-03:00  INFO 74656 --- [MottuGrid_Java] [main] o.s.b.a.w.s.WelcomePageHandlerMapping    : Adding welcome page template: index
2025-09-23T19:58:56.671-03:00  WARN 74656 --- [MottuGrid_Java] [main] .s.s.UserDetailsServiceAutoConfiguration : 

Using generated security password: d3ff4a46-4b64-4b44-a9b2-883264f2eff2

This generated password is for development use only. Your security configuration must be updated before running your application in production.

2025-09-23T19:58:56.856-03:00  INFO 74656 --- [MottuGrid_Java] [main] o.s.s.web.DefaultSecurityFilterChain     : Will secure any request with [org.springframework.security.web.session.DisableEncodeUrlFilter@6fca831e, org.springframework.security.web.context.request.async.WebAsyncManagerIntegrationFilter@3b67c637, org.springframework.security.web.context.SecurityContextHolderFilter@1e08f0cd, org.springframework.security.web.header.HeaderWriterFilter@7c9d2ed7, org.springframework.web.filter.CorsFilter@31b11287, org.springframework.security.web.csrf.CsrfFilter@28b36817, org.springframework.security.web.authentication.logout.LogoutFilter@9930ff6, org.springframework.security.web.authentication.UsernamePasswordAuthenticationFilter@2aa176de, org.springframework.security.web.authentication.ui.DefaultLoginPageGeneratingFilter@6a06b374, org.springframework.security.web.authentication.ui.DefaultLogoutPageGeneratingFilter@414d5660, org.springframework.security.web.authentication.www.BasicAuthenticationFilter@65b639e1, org.springframework.security.web.savedrequest.RequestCacheAwareFilter@ab7ac41, org.springframework.security.web.servletapi.SecurityContextHolderAwareRequestFilter@5ad67d82, org.springframework.security.web.authentication.AnonymousAuthenticationFilter@7aa4ef24, org.springframework.security.web.access.ExceptionTranslationFilter@6ec5c4e2, org.springframework.security.web.access.intercept.AuthorizationFilter@5ceb6796]
2025-09-23T19:58:56.944-03:00  INFO 74656 --- [MottuGrid_Java] [main] b.c.m.MottuGridJavaApplicationTests      : Started MottuGridJavaApplicationTests in 9.767 seconds (process running for 10.815)
2025-09-23T19:58:56.988-03:00 TRACE 74656 --- [MottuGrid_Java] [main] o.s.t.i.TransactionInterceptor           : Getting transaction for [org.springframework.data.jpa.repository.support.SimpleJpaRepository.findAll]
2025-09-23T19:58:57.157-03:00 DEBUG 74656 --- [MottuGrid_Java] [main] org.hibernate.SQL                        : 
    select
        m1_0.id,
        m1_0.manufacturer,
        m1_0.model,
        m1_0.plate,
        m1_0.yard_id,
        m1_0.year 
    from
        motorcycles m1_0
2025-09-23T19:58:57.208-03:00 TRACE 74656 --- [MottuGrid_Java] [main] o.s.t.i.TransactionInterceptor           : Completing transaction for [org.springframework.data.jpa.repository.support.SimpleJpaRepository.findAll]
2025-09-23T19:58:58.617-03:00  INFO 74656 --- [MottuGrid_Java] [SpringApplicationShutdownHook] j.LocalContainerEntityManagerFactoryBean : Closing JPA EntityManagerFactory for persistence unit 'default'
2025-09-23T19:58:58.631-03:00  INFO 74656 --- [MottuGrid_Java] [SpringApplicationShutdownHook] com.zaxxer.hikari.HikariDataSource       : SpringBootHikariCP - Shutdown initiated...
2025-09-23T19:58:58.738-03:00  INFO 74656 --- [MottuGrid_Java] [SpringApplicationShutdownHook] com.zaxxer.hikari.HikariDataSource       : SpringBootHikariCP - Shutdown completed.
2025-09-23T19:59:35.433-03:00  INFO 69420 --- [MottuGrid_Java] [main] b.c.m.MottugridJavaApplication           : Starting MottugridJavaApplication using Java 17.0.10 with PID 69420 (C:\Users\Vinicius\Documents\ESTUDO\FIAP2Ano\Sprint3\java\target\classes started by Vinicius in C:\Users\Vinicius\Documents\ESTUDO\FIAP2Ano\Sprint3\java)
2025-09-23T19:59:35.435-03:00  INFO 69420 --- [MottuGrid_Java] [main] b.c.m.MottugridJavaApplication           : No active profile set, falling back to 1 default profile: "default"
2025-09-23T19:59:36.097-03:00  INFO 69420 --- [MottuGrid_Java] [main] .s.d.r.c.RepositoryConfigurationDelegate : Bootstrapping Spring Data JPA repositories in DEFAULT mode.
2025-09-23T19:59:36.140-03:00  INFO 69420 --- [MottuGrid_Java] [main] .s.d.r.c.RepositoryConfigurationDelegate : Finished Spring Data repository scanning in 35 ms. Found 3 JPA repository interfaces.
2025-09-23T19:59:37.802-03:00  INFO 69420 --- [MottuGrid_Java] [main] o.s.b.w.embedded.tomcat.TomcatWebServer  : Tomcat initialized with port 8080 (http)
2025-09-23T19:59:37.838-03:00  INFO 69420 --- [MottuGrid_Java] [main] o.apache.catalina.core.StandardService   : Starting service [Tomcat]
2025-09-23T19:59:37.840-03:00  INFO 69420 --- [MottuGrid_Java] [main] o.apache.catalina.core.StandardEngine    : Starting Servlet engine: [Apache Tomcat/10.1.20]
2025-09-23T19:59:38.008-03:00  INFO 69420 --- [MottuGrid_Java] [main] o.a.c.c.C.[Tomcat].[localhost].[/]       : Initializing Spring embedded WebApplicationContext
2025-09-23T19:59:38.010-03:00  INFO 69420 --- [MottuGrid_Java] [main] w.s.c.ServletWebServerApplicationContext : Root WebApplicationContext: initialization completed in 2534 ms
2025-09-23T19:59:38.356-03:00  INFO 69420 --- [MottuGrid_Java] [main] com.zaxxer.hikari.HikariDataSource       : SpringBootHikariCP - Starting...
2025-09-23T19:59:39.355-03:00  INFO 69420 --- [MottuGrid_Java] [main] com.zaxxer.hikari.pool.HikariPool        : SpringBootHikariCP - Added connection oracle.jdbc.driver.T4CConnection@30f28b5
2025-09-23T19:59:39.359-03:00  INFO 69420 --- [MottuGrid_Java] [main] com.zaxxer.hikari.HikariDataSource       : SpringBootHikariCP - Start completed.
2025-09-23T19:59:39.509-03:00  INFO 69420 --- [MottuGrid_Java] [main] o.f.c.internal.license.VersionPrinter    : Flyway Community Edition 9.22.3 by Redgate
2025-09-23T19:59:39.510-03:00  INFO 69420 --- [MottuGrid_Java] [main] o.f.c.internal.license.VersionPrinter    : See release notes here: https://rd.gt/416ObMi
2025-09-23T19:59:39.511-03:00  INFO 69420 --- [MottuGrid_Java] [main] o.f.c.internal.license.VersionPrinter    : 
2025-09-23T19:59:39.539-03:00  INFO 69420 --- [MottuGrid_Java] [main] o.f.c.i.resource.ResourceNameValidator   : 1 SQL migrations were detected but not run because they did not follow the filename convention.
2025-09-23T19:59:39.541-03:00  INFO 69420 --- [MottuGrid_Java] [main] o.f.c.i.resource.ResourceNameValidator   : Set 'validateMigrationNaming' to true to fail fast and see a list of the invalid file names.
2025-09-23T19:59:39.558-03:00  INFO 69420 --- [MottuGrid_Java] [main] org.flywaydb.core.FlywayExecutor         : Database: jdbc:oracle:thin:@oracle.fiap.com.br:1521:ORCL (Oracle 19.0)
2025-09-23T19:59:40.035-03:00  INFO 69420 --- [MottuGrid_Java] [main] o.f.core.internal.command.DbValidate     : Successfully validated 1 migration (execution time 00:00.069s)
2025-09-23T19:59:40.170-03:00  INFO 69420 --- [MottuGrid_Java] [main] o.f.core.internal.command.DbMigrate      : Current version of schema "RM556182": 1
2025-09-23T19:59:40.184-03:00  INFO 69420 --- [MottuGrid_Java] [main] o.f.core.internal.command.DbMigrate      : Schema "RM556182" is up to date. No migration necessary.
2025-09-23T19:59:40.386-03:00  INFO 69420 --- [MottuGrid_Java] [main] o.hibernate.jpa.internal.util.LogHelper  : HHH000204: Processing PersistenceUnitInfo [name: default]
2025-09-23T19:59:40.525-03:00  INFO 69420 --- [MottuGrid_Java] [main] org.hibernate.Version                    : HHH000412: Hibernate ORM core version 6.4.4.Final
2025-09-23T19:59:40.568-03:00  INFO 69420 --- [MottuGrid_Java] [main] o.h.c.internal.RegionFactoryInitiator    : HHH000026: Second-level cache disabled
2025-09-23T19:59:40.758-03:00  INFO 69420 --- [MottuGrid_Java] [main] o.s.o.j.p.SpringPersistenceUnitInfo      : No LoadTimeWeaver setup: ignoring JPA class transformer
2025-09-23T19:59:41.524-03:00  INFO 69420 --- [MottuGrid_Java] [main] o.h.e.t.j.p.i.JtaPlatformInitiator       : HHH000489: No JTA platform available (set 'hibernate.transaction.jta.platform' to enable JTA platform integration)
2025-09-23T19:59:41.528-03:00  INFO 69420 --- [MottuGrid_Java] [main] j.LocalContainerEntityManagerFactoryBean : Initialized JPA EntityManagerFactory for persistence unit 'default'
2025-09-23T19:59:41.706-03:00 TRACE 69420 --- [MottuGrid_Java] [main] t.a.AnnotationTransactionAttributeSource : Adding transactional method 'br.com.mottugrid_java.service.BranchService.update' with attribute: PROPAGATION_REQUIRED,ISOLATION_DEFAULT
2025-09-23T19:59:41.713-03:00 TRACE 69420 --- [MottuGrid_Java] [main] t.a.AnnotationTransactionAttributeSource : Adding transactional method 'br.com.mottugrid_java.service.BranchService.delete' with attribute: PROPAGATION_REQUIRED,ISOLATION_DEFAULT
2025-09-23T19:59:41.713-03:00 TRACE 69420 --- [MottuGrid_Java] [main] t.a.AnnotationTransactionAttributeSource : Adding transactional method 'br.com.mottugrid_java.service.BranchService.create' with attribute: PROPAGATION_REQUIRED,ISOLATION_DEFAULT
2025-09-23T19:59:41.758-03:00 TRACE 69420 --- [MottuGrid_Java] [main] t.a.AnnotationTransactionAttributeSource : Adding transactional method 'br.com.mottugrid_java.service.MotorcycleService.update' with attribute: PROPAGATION_REQUIRED,ISOLATION_DEFAULT
2025-09-23T19:59:41.759-03:00 TRACE 69420 --- [MottuGrid_Java] [main] t.a.AnnotationTransactionAttributeSource : Adding transactional method 'br.com.mottugrid_java.service.MotorcycleService.delete' with attribute: PROPAGATION_REQUIRED,ISOLATION_DEFAULT
2025-09-23T19:59:41.759-03:00 TRACE 69420 --- [MottuGrid_Java] [main] t.a.AnnotationTransactionAttributeSource : Adding transactional method 'br.com.mottugrid_java.service.MotorcycleService.create' with attribute: PROPAGATION_REQUIRED,ISOLATION_DEFAULT
2025-09-23T19:59:41.769-03:00 TRACE 69420 --- [MottuGrid_Java] [main] t.a.AnnotationTransactionAttributeSource : Adding transactional method 'br.com.mottugrid_java.service.YardService.update' with attribute: PROPAGATION_REQUIRED,ISOLATION_DEFAULT
2025-09-23T19:59:41.772-03:00 TRACE 69420 --- [MottuGrid_Java] [main] t.a.AnnotationTransactionAttributeSource : Adding transactional method 'br.com.mottugrid_java.service.YardService.delete' with attribute: PROPAGATION_REQUIRED,ISOLATION_DEFAULT
2025-09-23T19:59:41.772-03:00 TRACE 69420 --- [MottuGrid_Java] [main] t.a.AnnotationTransactionAttributeSource : Adding transactional method 'br.com.mottugrid_java.service.YardService.create' with attribute: PROPAGATION_REQUIRED,ISOLATION_DEFAULT
2025-09-23T19:59:41.867-03:00  INFO 69420 --- [MottuGrid_Java] [main] o.s.b.a.w.s.WelcomePageHandlerMapping    : Adding welcome page template: index
2025-09-23T19:59:42.175-03:00  WARN 69420 --- [MottuGrid_Java] [main] .s.s.UserDetailsServiceAutoConfiguration : 

Using generated security password: dec150da-d2ea-4aab-be29-c7ea3c63960a

This generated password is for development use only. Your security configuration must be updated before running your application in production.

2025-09-23T19:59:42.256-03:00  INFO 69420 --- [MottuGrid_Java] [main] o.s.s.web.DefaultSecurityFilterChain     : Will secure any request with [org.springframework.security.web.session.DisableEncodeUrlFilter@7b9e7633, org.springframework.security.web.context.request.async.WebAsyncManagerIntegrationFilter@1fbd0850, org.springframework.security.web.context.SecurityContextHolderFilter@375f276e, org.springframework.security.web.header.HeaderWriterFilter@738da6f2, org.springframework.web.filter.CorsFilter@57bc7f67, org.springframework.security.web.csrf.CsrfFilter@8d0253b, org.springframework.security.web.authentication.logout.LogoutFilter@58f27c37, org.springframework.security.web.authentication.UsernamePasswordAuthenticationFilter@2aec09a3, org.springframework.security.web.authentication.ui.DefaultLoginPageGeneratingFilter@2ce7d43, org.springframework.security.web.authentication.ui.DefaultLogoutPageGeneratingFilter@3f808ad9, org.springframework.security.web.authentication.www.BasicAuthenticationFilter@747216b6, org.springframework.security.web.savedrequest.RequestCacheAwareFilter@3b5f72fa, org.springframework.security.web.servletapi.SecurityContextHolderAwareRequestFilter@67c2ff5d, org.springframework.security.web.authentication.AnonymousAuthenticationFilter@37a74cf4, org.springframework.security.web.access.ExceptionTranslationFilter@1d8230cd, org.springframework.security.web.access.intercept.AuthorizationFilter@4ce4c097]
2025-09-23T19:59:42.303-03:00  INFO 69420 --- [MottuGrid_Java] [main] o.a.c.c.C.[Tomcat].[localhost].[/]       : Initializing Spring DispatcherServlet 'dispatcherServlet'
2025-09-23T19:59:42.304-03:00  INFO 69420 --- [MottuGrid_Java] [main] o.s.web.servlet.DispatcherServlet        : Initializing Servlet 'dispatcherServlet'
2025-09-23T19:59:42.304-03:00  INFO 69420 --- [MottuGrid_Java] [main] o.s.web.servlet.DispatcherServlet        : Completed initialization in 0 ms
2025-09-23T19:59:42.305-03:00  INFO 69420 --- [MottuGrid_Java] [main] o.s.b.w.embedded.tomcat.TomcatWebServer  : Tomcat started on port 8080 (http) with context path ''
2025-09-23T19:59:42.314-03:00  INFO 69420 --- [MottuGrid_Java] [main] b.c.m.MottugridJavaApplication           : Started MottugridJavaApplication in 7.202 seconds (process running for 7.464)
2025-09-23T19:59:42.330-03:00 TRACE 69420 --- [MottuGrid_Java] [main] o.s.t.i.TransactionInterceptor           : Getting transaction for [org.springframework.data.jpa.repository.support.SimpleJpaRepository.findAll]
2025-09-23T19:59:42.399-03:00 DEBUG 69420 --- [MottuGrid_Java] [main] org.hibernate.SQL                        : 
    select
        m1_0.id,
        m1_0.manufacturer,
        m1_0.model,
        m1_0.plate,
        m1_0.yard_id,
        m1_0.year 
    from
        motorcycles m1_0
2025-09-23T19:59:42.422-03:00 TRACE 69420 --- [MottuGrid_Java] [main] o.s.t.i.TransactionInterceptor           : Completing transaction for [org.springframework.data.jpa.repository.support.SimpleJpaRepository.findAll]
2025-09-23T20:01:34.308-03:00  INFO 69420 --- [MottuGrid_Java] [http-nio-8080-exec-1] o.springdoc.api.AbstractOpenApiResource  : Init duration for springdoc-openapi is: 823 ms
2025-09-23T20:01:54.453-03:00 TRACE 69420 --- [MottuGrid_Java] [http-nio-8080-exec-2] o.s.t.i.TransactionInterceptor           : Getting transaction for [org.springframework.data.jpa.repository.support.SimpleJpaRepository.findAll]
2025-09-23T20:01:54.468-03:00 DEBUG 69420 --- [MottuGrid_Java] [http-nio-8080-exec-2] org.hibernate.SQL                        : 
    select
        m1_0.id,
        m1_0.manufacturer,
        m1_0.model,
        m1_0.plate,
        m1_0.yard_id,
        m1_0.year 
    from
        motorcycles m1_0 
    order by
        m1_0.model 
    offset
        ? rows 
    fetch
        first ? rows only
2025-09-23T20:01:54.517-03:00 DEBUG 69420 --- [MottuGrid_Java] [http-nio-8080-exec-2] org.hibernate.SQL                        : 
    select
        count(m1_0.id) 
    from
        motorcycles m1_0
2025-09-23T20:01:54.527-03:00 TRACE 69420 --- [MottuGrid_Java] [http-nio-8080-exec-2] o.s.t.i.TransactionInterceptor           : Completing transaction for [org.springframework.data.jpa.repository.support.SimpleJpaRepository.findAll]
2025-09-23T20:02:09.552-03:00 TRACE 69420 --- [MottuGrid_Java] [http-nio-8080-exec-4] o.s.t.i.TransactionInterceptor           : Getting transaction for [org.springframework.data.jpa.repository.support.SimpleJpaRepository.findAll]
2025-09-23T20:02:09.558-03:00 DEBUG 69420 --- [MottuGrid_Java] [http-nio-8080-exec-4] org.hibernate.SQL                        : 
    select
        y1_0.id,
        y1_0.branch_id,
        y1_0.name 
    from
        yards y1_0 
    order by
        y1_0.id 
    offset
        ? rows 
    fetch
        first ? rows only
2025-09-23T20:02:09.638-03:00 DEBUG 69420 --- [MottuGrid_Java] [http-nio-8080-exec-4] org.hibernate.SQL                        : 
    select
        count(y1_0.id) 
    from
        yards y1_0
2025-09-23T20:02:09.652-03:00 TRACE 69420 --- [MottuGrid_Java] [http-nio-8080-exec-4] o.s.t.i.TransactionInterceptor           : Completing transaction for [org.springframework.data.jpa.repository.support.SimpleJpaRepository.findAll]
